{"contracts/Custodian.sol":{"l":{"17":7,"18":7,"30":1,"31":1,"35":0,"39":0,"45":3,"46":3,"50":0,"51":0},"path":"/Users/sdileep/Code/idex-contracts/contracts/Custodian.sol","s":{"1":7,"2":7,"3":1,"4":1,"5":0,"6":0,"7":3,"8":0},"b":{"1":[1,0],"2":[3,0],"3":[0,0]},"f":{"1":7,"2":2,"3":1,"4":0,"5":0,"6":3,"7":0},"fnMap":{"1":{"name":"constructor","line":16,"loc":{"start":{"line":16,"column":67},"end":{"line":16,"column":3}}},"2":{"name":null,"line":23,"loc":{"start":{"line":23,"column":40},"end":{"line":23,"column":12}}},"3":{"name":"withdraw","line":29,"loc":{"start":{"line":29,"column":33},"end":{"line":29,"column":3}}},"4":{"name":"setExchange","line":34,"loc":{"start":{"line":34,"column":73},"end":{"line":34,"column":3}}},"5":{"name":"setGovernance","line":38,"loc":{"start":{"line":38,"column":77},"end":{"line":38,"column":3}}},"6":{"name":"onlyExchange","line":44,"loc":{"start":{"line":44,"column":2},"end":{"line":44,"column":25}}},"7":{"name":"onlyGovernance","line":49,"loc":{"start":{"line":49,"column":2},"end":{"line":49,"column":27}}}},"statementMap":{"1":{"start":{"line":17,"column":4},"end":{"line":17,"column":23}},"2":{"start":{"line":18,"column":4},"end":{"line":18,"column":27}},"3":{"start":{"line":30,"column":4},"end":{"line":30,"column":56}},"4":{"start":{"line":31,"column":4},"end":{"line":31,"column":48}},"5":{"start":{"line":35,"column":4},"end":{"line":35,"column":23}},"6":{"start":{"line":39,"column":4},"end":{"line":39,"column":27}},"7":{"start":{"line":45,"column":4},"end":{"line":45,"column":70}},"8":{"start":{"line":50,"column":4},"end":{"line":50,"column":74}}},"branchMap":{"1":{"line":30,"type":"if","locations":[{"start":{"line":30,"column":4},"end":{"line":30,"column":4}},{"start":{"line":30,"column":4},"end":{"line":30,"column":4}}]},"2":{"line":45,"type":"if","locations":[{"start":{"line":45,"column":4},"end":{"line":45,"column":4}},{"start":{"line":45,"column":4},"end":{"line":45,"column":4}}]},"3":{"line":50,"type":"if","locations":[{"start":{"line":50,"column":4},"end":{"line":50,"column":4}},{"start":{"line":50,"column":4},"end":{"line":50,"column":4}}]}}},"contracts/Exchange.sol":{"l":{"141":9,"142":9,"143":9,"147":11,"148":9,"149":7,"155":0,"156":0,"157":0,"161":0,"162":0,"163":0,"164":0,"168":0,"169":0,"170":0,"174":0,"175":0,"176":0,"180":0,"181":0,"182":0,"188":0,"197":0,"203":4,"211":1,"212":1,"216":1,"217":1,"218":1,"222":6,"225":6,"226":2,"227":2,"229":6,"233":4,"234":4,"235":4,"236":4,"238":4,"239":4,"245":0,"247":0,"248":0,"252":0,"258":0,"264":0,"275":1,"276":1,"280":1,"283":1,"288":1,"289":1,"292":1,"296":1,"302":1,"308":0,"310":0,"312":0,"316":0,"317":0,"322":0,"323":0,"324":0,"326":0,"328":0,"346":0,"347":0,"350":0,"359":0,"360":0,"361":0,"373":0,"375":0,"376":0,"378":0,"394":0,"398":0,"403":0,"407":0,"412":0,"414":0,"421":0,"422":0,"429":0,"431":0,"434":0,"436":0,"437":0,"439":0,"440":0,"455":0,"456":0,"459":0,"460":0,"463":0,"469":0,"474":0,"479":0,"486":0,"487":0,"488":0,"490":0,"491":0,"493":0,"494":0,"503":0,"504":0,"505":0,"507":0,"513":0,"519":0,"528":0,"531":0,"535":0,"539":0,"557":0,"565":0,"576":0,"580":0,"591":1,"609":0,"639":0,"640":0,"641":0,"643":0,"647":0,"648":0,"650":0,"651":0,"654":0,"655":0,"658":0,"659":0,"662":0,"669":1,"695":2,"696":2,"703":2,"704":2,"712":0,"720":0,"724":0,"732":0,"738":1,"739":1,"740":1,"741":1,"745":0,"746":0,"750":1,"751":1,"757":0,"765":0,"770":1,"771":1,"772":1,"773":1,"774":1,"776":1,"777":1,"779":1,"780":1,"781":1,"782":10,"783":1,"785":9,"786":9,"789":1,"793":1,"797":0,"801":0,"804":0,"809":1,"810":1,"813":1,"814":1,"815":1,"816":1,"818":1,"820":1},"path":"/Users/sdileep/Code/idex-contracts/contracts/Exchange.sol","s":{"1":9,"2":9,"3":9,"4":11,"5":9,"6":7,"7":0,"8":0,"9":0,"10":0,"11":0,"12":0,"13":0,"14":0,"15":0,"16":0,"17":0,"18":0,"19":0,"20":0,"21":0,"22":0,"23":0,"24":0,"25":4,"26":1,"27":1,"28":1,"29":1,"30":1,"31":6,"32":6,"33":2,"34":2,"35":6,"36":4,"37":4,"38":4,"39":4,"40":4,"41":0,"42":0,"43":0,"44":0,"45":0,"46":0,"47":1,"48":1,"49":1,"50":1,"51":1,"52":1,"53":1,"54":1,"55":1,"56":0,"57":0,"58":0,"59":0,"60":0,"61":0,"62":0,"63":0,"64":0,"65":0,"66":0,"67":0,"68":0,"69":0,"70":0,"71":0,"72":0,"73":0,"74":0,"75":0,"76":0,"77":0,"78":0,"79":0,"80":0,"81":0,"82":0,"83":0,"84":0,"85":0,"86":0,"87":0,"88":0,"89":0,"90":0,"91":0,"92":0,"93":0,"94":0,"95":0,"96":0,"97":0,"98":0,"99":0,"100":0,"101":0,"102":0,"103":0,"104":0,"105":0,"106":0,"107":0,"108":0,"109":0,"110":0,"111":0,"112":0,"113":0,"114":0,"115":0,"116":0,"117":0,"118":0,"119":1,"120":0,"121":0,"122":0,"123":0,"124":0,"125":0,"126":0,"127":0,"128":0,"129":0,"130":0,"131":0,"132":0,"133":0,"134":1,"135":2,"136":2,"137":2,"138":2,"139":0,"140":0,"141":0,"142":0,"143":1,"144":1,"145":1,"146":1,"147":0,"148":0,"149":1,"150":0,"151":0,"152":1,"153":1,"154":1,"155":1,"156":1,"157":1,"158":1,"159":1,"160":10,"161":1,"162":9,"163":9,"164":1,"165":1,"166":0,"167":0,"168":0,"169":1,"170":1,"171":1,"172":1,"173":1,"174":1,"175":1,"176":1},"b":{"1":[9,2],"2":[7,2],"3":[0,0],"4":[0,0],"5":[0,0],"6":[0,0],"7":[0,0],"8":[0,0],"9":[1,0],"10":[1,0],"11":[6,0],"12":[2,4],"13":[2,0],"14":[0,0],"15":[0,0],"16":[0,0],"17":[1,0],"18":[1,0],"19":[0,0],"20":[0,0],"21":[0,0],"22":[0,0],"23":[0,0],"24":[0,0],"25":[0,0],"26":[0,0],"27":[0,0],"28":[0,0],"29":[0,0],"30":[0,0],"31":[0,0],"32":[0,0],"33":[0,0],"34":[0,0],"35":[0,0],"36":[0,0],"37":[0,0],"38":[0,0],"39":[0,0],"40":[0,0],"41":[0,0],"42":[0,0],"43":[0,0],"44":[0,0],"45":[0,0],"46":[0,0],"47":[1,0],"48":[1,0],"49":[1,0],"50":[1,0],"51":[1,0],"52":[1,9],"53":[0,0],"54":[1,0]},"f":{"1":9,"2":11,"3":0,"4":0,"5":0,"6":0,"7":0,"8":0,"9":0,"10":4,"11":1,"12":1,"13":6,"14":0,"15":1,"16":0,"17":0,"18":0,"19":0,"20":0,"21":0,"22":0,"23":0,"24":0,"25":0,"26":0,"27":0,"28":1,"29":0,"30":0,"31":1,"32":2,"33":2,"34":0,"35":0,"36":0,"37":0,"38":1,"39":0,"40":1,"41":0,"42":0,"43":1,"44":1,"45":0,"46":1},"fnMap":{"1":{"name":"constructor","line":140,"loc":{"start":{"line":140,"column":29},"end":{"line":140,"column":3}}},"2":{"name":"setCustodian","line":146,"loc":{"start":{"line":146,"column":69},"end":{"line":146,"column":3}}},"3":{"name":"setChainPropagationDelay","line":154,"loc":{"start":{"line":154,"column":85},"end":{"line":154,"column":3}}},"4":{"name":"setFeeWallet","line":160,"loc":{"start":{"line":160,"column":61},"end":{"line":160,"column":3}}},"5":{"name":"setWithdrawalFeeBasisPoints","line":167,"loc":{"start":{"line":167,"column":90},"end":{"line":167,"column":3}}},"6":{"name":"setTradeMakerFeeBasisPoints","line":173,"loc":{"start":{"line":173,"column":90},"end":{"line":173,"column":3}}},"7":{"name":"setTradeTakerFeeBasisPoints","line":179,"loc":{"start":{"line":179,"column":90},"end":{"line":179,"column":3}}},"8":{"name":"balanceOf","line":187,"loc":{"start":{"line":187,"column":2},"end":{"line":187,"column":91}}},"9":{"name":"partiallyFilledOrderQuantity","line":196,"loc":{"start":{"line":196,"column":2},"end":{"line":196,"column":96}}},"10":{"name":"depositEther","line":202,"loc":{"start":{"line":202,"column":2},"end":{"line":202,"column":42}}},"11":{"name":"depositToken","line":210,"loc":{"start":{"line":210,"column":2},"end":{"line":210,"column":72}}},"12":{"name":"depositTokenBySymbol","line":215,"loc":{"start":{"line":215,"column":2},"end":{"line":215,"column":87}}},"13":{"name":"deposit","line":221,"loc":{"start":{"line":221,"column":2},"end":{"line":221,"column":83}}},"14":{"name":"invalidateOrderNonce","line":244,"loc":{"start":{"line":244,"column":2},"end":{"line":244,"column":55}}},"15":{"name":"withdraw","line":273,"loc":{"start":{"line":273,"column":24},"end":{"line":273,"column":3}}},"16":{"name":"exitWallet","line":307,"loc":{"start":{"line":307,"column":2},"end":{"line":307,"column":32}}},"17":{"name":"withdrawExit","line":315,"loc":{"start":{"line":315,"column":2},"end":{"line":315,"column":54}}},"18":{"name":"trade","line":345,"loc":{"start":{"line":345,"column":24},"end":{"line":345,"column":3}}},"19":{"name":"updateBalancesForTrade","line":392,"loc":{"start":{"line":392,"column":2},"end":{"line":392,"column":99}}},"20":{"name":"updateOrderFilledQuantities","line":418,"loc":{"start":{"line":418,"column":2},"end":{"line":420,"column":3}}},"21":{"name":"updateOrderFilledQuantity","line":428,"loc":{"start":{"line":428,"column":2},"end":{"line":428,"column":85}}},"22":{"name":"validateAssetPair","line":446,"loc":{"start":{"line":446,"column":2},"end":{"line":454,"column":18}}},"23":{"name":"validateLimitPrices","line":485,"loc":{"start":{"line":485,"column":2},"end":{"line":485,"column":101}}},"24":{"name":"validateTokenAddresses","line":497,"loc":{"start":{"line":497,"column":2},"end":{"line":502,"column":18}}},"25":{"name":"validateTradeFees","line":527,"loc":{"start":{"line":527,"column":2},"end":{"line":527,"column":82}}},"26":{"name":"validateOrderSignatures","line":545,"loc":{"start":{"line":545,"column":2},"end":{"line":556,"column":18}}},"27":{"name":"validateOrderNonces","line":575,"loc":{"start":{"line":575,"column":2},"end":{"line":575,"column":80}}},"28":{"name":"validateWithdrawalSignature","line":586,"loc":{"start":{"line":586,"column":2},"end":{"line":590,"column":18}}},"29":{"name":"getOrderWalletHash","line":603,"loc":{"start":{"line":603,"column":2},"end":{"line":608,"column":36}}},"30":{"name":"getMarketSymbol","line":634,"loc":{"start":{"line":634,"column":2},"end":{"line":638,"column":3}}},"31":{"name":"getWithdrawalWalletHash","line":665,"loc":{"start":{"line":665,"column":2},"end":{"line":668,"column":36}}},"32":{"name":"registerToken","line":693,"loc":{"start":{"line":693,"column":12},"end":{"line":694,"column":3}}},"33":{"name":"confirmTokenRegistration","line":701,"loc":{"start":{"line":701,"column":12},"end":{"line":702,"column":3}}},"34":{"name":"tokenQuantityToPips","line":707,"loc":{"start":{"line":707,"column":2},"end":{"line":711,"column":3}}},"35":{"name":"tokenSymbolToAddress","line":715,"loc":{"start":{"line":715,"column":2},"end":{"line":719,"column":3}}},"36":{"name":"getTokenByAddress","line":723,"loc":{"start":{"line":723,"column":2},"end":{"line":723,"column":94}}},"37":{"name":"getTokensBySymbol","line":727,"loc":{"start":{"line":727,"column":2},"end":{"line":731,"column":3}}},"38":{"name":"setDispatcher","line":737,"loc":{"start":{"line":737,"column":63},"end":{"line":737,"column":3}}},"39":{"name":"removeDispatcher","line":744,"loc":{"start":{"line":744,"column":47},"end":{"line":744,"column":3}}},"40":{"name":"onlyDispatcher","line":749,"loc":{"start":{"line":749,"column":2},"end":{"line":749,"column":27}}},"41":{"name":"isStringEqual","line":756,"loc":{"start":{"line":756,"column":2},"end":{"line":756,"column":85}}},"42":{"name":"pipsToTokenQuantity","line":760,"loc":{"start":{"line":760,"column":2},"end":{"line":764,"column":3}}},"43":{"name":"pipToDecimal","line":769,"loc":{"start":{"line":769,"column":2},"end":{"line":769,"column":74}}},"44":{"name":"getFeeBasisPoints","line":792,"loc":{"start":{"line":792,"column":2},"end":{"line":792,"column":84}}},"45":{"name":"getLastInvalidatedTimestamp","line":796,"loc":{"start":{"line":796,"column":2},"end":{"line":796,"column":91}}},"46":{"name":"getTimestampFromUuid","line":808,"loc":{"start":{"line":808,"column":2},"end":{"line":808,"column":75}}}},"statementMap":{"1":{"start":{"line":141,"column":4},"end":{"line":141,"column":53}},"2":{"start":{"line":142,"column":4},"end":{"line":142,"column":41}},"3":{"start":{"line":143,"column":4},"end":{"line":143,"column":36}},"4":{"start":{"line":147,"column":4},"end":{"line":147,"column":57}},"5":{"start":{"line":148,"column":4},"end":{"line":148,"column":71}},"6":{"start":{"line":149,"column":4},"end":{"line":149,"column":25}},"7":{"start":{"line":155,"column":4},"end":{"line":155,"column":89}},"8":{"start":{"line":156,"column":4},"end":{"line":156,"column":84}},"9":{"start":{"line":157,"column":4},"end":{"line":157,"column":49}},"10":{"start":{"line":161,"column":4},"end":{"line":161,"column":64}},"11":{"start":{"line":162,"column":4},"end":{"line":162,"column":80}},"12":{"start":{"line":163,"column":4},"end":{"line":163,"column":48}},"13":{"start":{"line":164,"column":4},"end":{"line":164,"column":25}},"14":{"start":{"line":168,"column":4},"end":{"line":168,"column":95}},"15":{"start":{"line":169,"column":4},"end":{"line":169,"column":82}},"16":{"start":{"line":170,"column":4},"end":{"line":170,"column":55}},"17":{"start":{"line":174,"column":4},"end":{"line":174,"column":85}},"18":{"start":{"line":175,"column":4},"end":{"line":175,"column":82}},"19":{"start":{"line":176,"column":4},"end":{"line":176,"column":55}},"20":{"start":{"line":180,"column":4},"end":{"line":180,"column":85}},"21":{"start":{"line":181,"column":4},"end":{"line":181,"column":82}},"22":{"start":{"line":182,"column":4},"end":{"line":182,"column":55}},"23":{"start":{"line":188,"column":4},"end":{"line":188,"column":34}},"24":{"start":{"line":197,"column":4},"end":{"line":197,"column":50}},"25":{"start":{"line":203,"column":4},"end":{"line":203,"column":47}},"26":{"start":{"line":211,"column":4},"end":{"line":211,"column":77}},"27":{"start":{"line":212,"column":4},"end":{"line":212,"column":46}},"28":{"start":{"line":216,"column":4},"end":{"line":216,"column":99}},"29":{"start":{"line":217,"column":4},"end":{"line":217,"column":77}},"30":{"start":{"line":218,"column":4},"end":{"line":218,"column":46}},"31":{"start":{"line":222,"column":4},"end":{"line":222,"column":56}},"32":{"start":{"line":225,"column":4},"end":{"line":225,"column":8270}},"33":{"start":{"line":226,"column":6},"end":{"line":226,"column":64}},"34":{"start":{"line":227,"column":6},"end":{"line":227,"column":83}},"35":{"start":{"line":229,"column":4},"end":{"line":229,"column":78}},"36":{"start":{"line":233,"column":4},"end":{"line":233,"column":91}},"37":{"start":{"line":234,"column":4},"end":{"line":234,"column":81}},"38":{"start":{"line":235,"column":4},"end":{"line":235,"column":39}},"39":{"start":{"line":236,"column":4},"end":{"line":236,"column":70}},"40":{"start":{"line":239,"column":4},"end":{"line":239,"column":63}},"41":{"start":{"line":245,"column":4},"end":{"line":245,"column":50}},"42":{"start":{"line":247,"column":4},"end":{"line":247,"column":9204}},"43":{"start":{"line":248,"column":6},"end":{"line":248,"column":9257}},"44":{"start":{"line":252,"column":6},"end":{"line":252,"column":9389}},"45":{"start":{"line":258,"column":4},"end":{"line":258,"column":9552}},"46":{"start":{"line":264,"column":4},"end":{"line":264,"column":98}},"47":{"start":{"line":275,"column":4},"end":{"line":275,"column":74}},"48":{"start":{"line":276,"column":4},"end":{"line":276,"column":10081}},"49":{"start":{"line":280,"column":4},"end":{"line":280,"column":92}},"50":{"start":{"line":283,"column":4},"end":{"line":283,"column":10434}},"51":{"start":{"line":288,"column":4},"end":{"line":288,"column":89}},"52":{"start":{"line":289,"column":4},"end":{"line":289,"column":10768}},"53":{"start":{"line":292,"column":4},"end":{"line":292,"column":10886}},"54":{"start":{"line":296,"column":4},"end":{"line":296,"column":11050}},"55":{"start":{"line":302,"column":4},"end":{"line":302,"column":73}},"56":{"start":{"line":308,"column":4},"end":{"line":308,"column":68}},"57":{"start":{"line":310,"column":4},"end":{"line":310,"column":83}},"58":{"start":{"line":312,"column":4},"end":{"line":312,"column":71}},"59":{"start":{"line":316,"column":4},"end":{"line":316,"column":67}},"60":{"start":{"line":317,"column":4},"end":{"line":317,"column":11742}},"61":{"start":{"line":322,"column":4},"end":{"line":322,"column":56}},"62":{"start":{"line":323,"column":4},"end":{"line":323,"column":47}},"63":{"start":{"line":324,"column":4},"end":{"line":324,"column":41}},"64":{"start":{"line":326,"column":4},"end":{"line":326,"column":68}},"65":{"start":{"line":328,"column":4},"end":{"line":328,"column":63}},"66":{"start":{"line":346,"column":4},"end":{"line":346,"column":71}},"67":{"start":{"line":347,"column":4},"end":{"line":347,"column":73}},"68":{"start":{"line":350,"column":4},"end":{"line":350,"column":12781}},"69":{"start":{"line":359,"column":4},"end":{"line":359,"column":41}},"70":{"start":{"line":360,"column":4},"end":{"line":360,"column":33}},"71":{"start":{"line":361,"column":4},"end":{"line":361,"column":13015}},"72":{"start":{"line":373,"column":4},"end":{"line":373,"column":33}},"73":{"start":{"line":375,"column":4},"end":{"line":375,"column":49}},"74":{"start":{"line":376,"column":4},"end":{"line":376,"column":44}},"75":{"start":{"line":378,"column":4},"end":{"line":378,"column":13401}},"76":{"start":{"line":394,"column":4},"end":{"line":394,"column":13954}},"77":{"start":{"line":398,"column":4},"end":{"line":398,"column":14203}},"78":{"start":{"line":403,"column":4},"end":{"line":403,"column":14454}},"79":{"start":{"line":407,"column":4},"end":{"line":407,"column":14706}},"80":{"start":{"line":412,"column":4},"end":{"line":412,"column":14962}},"81":{"start":{"line":414,"column":4},"end":{"line":414,"column":15160}},"82":{"start":{"line":421,"column":4},"end":{"line":421,"column":41}},"83":{"start":{"line":422,"column":4},"end":{"line":422,"column":42}},"84":{"start":{"line":429,"column":4},"end":{"line":429,"column":68}},"85":{"start":{"line":431,"column":4},"end":{"line":431,"column":15746}},"86":{"start":{"line":434,"column":4},"end":{"line":434,"column":72}},"87":{"start":{"line":436,"column":4},"end":{"line":436,"column":15941}},"88":{"start":{"line":437,"column":6},"end":{"line":437,"column":70}},"89":{"start":{"line":440,"column":6},"end":{"line":440,"column":44}},"90":{"start":{"line":455,"column":4},"end":{"line":455,"column":76}},"91":{"start":{"line":456,"column":4},"end":{"line":456,"column":80}},"92":{"start":{"line":459,"column":4},"end":{"line":459,"column":80}},"93":{"start":{"line":460,"column":4},"end":{"line":460,"column":83}},"94":{"start":{"line":463,"column":4},"end":{"line":463,"column":16941}},"95":{"start":{"line":469,"column":4},"end":{"line":469,"column":17091}},"96":{"start":{"line":474,"column":4},"end":{"line":474,"column":17279}},"97":{"start":{"line":479,"column":4},"end":{"line":479,"column":17467}},"98":{"start":{"line":486,"column":4},"end":{"line":486,"column":81}},"99":{"start":{"line":487,"column":4},"end":{"line":487,"column":83}},"100":{"start":{"line":488,"column":4},"end":{"line":488,"column":85}},"101":{"start":{"line":490,"column":4},"end":{"line":490,"column":85}},"102":{"start":{"line":491,"column":4},"end":{"line":491,"column":62}},"103":{"start":{"line":493,"column":4},"end":{"line":493,"column":88}},"104":{"start":{"line":494,"column":4},"end":{"line":494,"column":64}},"105":{"start":{"line":503,"column":4},"end":{"line":503,"column":56}},"106":{"start":{"line":504,"column":4},"end":{"line":504,"column":81}},"107":{"start":{"line":505,"column":4},"end":{"line":505,"column":83}},"108":{"start":{"line":507,"column":4},"end":{"line":507,"column":18673}},"109":{"start":{"line":513,"column":4},"end":{"line":513,"column":18948}},"110":{"start":{"line":519,"column":4},"end":{"line":519,"column":19213}},"111":{"start":{"line":528,"column":4},"end":{"line":528,"column":19601}},"112":{"start":{"line":531,"column":4},"end":{"line":531,"column":19755}},"113":{"start":{"line":535,"column":4},"end":{"line":535,"column":19881}},"114":{"start":{"line":539,"column":4},"end":{"line":539,"column":20027}},"115":{"start":{"line":557,"column":4},"end":{"line":557,"column":20561}},"116":{"start":{"line":565,"column":4},"end":{"line":565,"column":20808}},"117":{"start":{"line":576,"column":4},"end":{"line":576,"column":21150}},"118":{"start":{"line":580,"column":4},"end":{"line":580,"column":21300}},"119":{"start":{"line":591,"column":4},"end":{"line":591,"column":21635}},"120":{"start":{"line":609,"column":4},"end":{"line":609,"column":22098}},"121":{"start":{"line":639,"column":4},"end":{"line":639,"column":52}},"122":{"start":{"line":640,"column":4},"end":{"line":640,"column":41}},"123":{"start":{"line":641,"column":4},"end":{"line":641,"column":54}},"124":{"start":{"line":643,"column":4},"end":{"line":643,"column":23204}},"125":{"start":{"line":647,"column":4},"end":{"line":647,"column":13}},"126":{"start":{"line":648,"column":4},"end":{"line":648,"column":13}},"127":{"start":{"line":650,"column":4},"end":{"line":650,"column":23374}},"128":{"start":{"line":651,"column":6},"end":{"line":651,"column":48}},"129":{"start":{"line":654,"column":4},"end":{"line":654,"column":23483}},"130":{"start":{"line":655,"column":6},"end":{"line":655,"column":44}},"131":{"start":{"line":658,"column":4},"end":{"line":658,"column":23584}},"132":{"start":{"line":659,"column":6},"end":{"line":659,"column":49}},"133":{"start":{"line":662,"column":4},"end":{"line":662,"column":36}},"134":{"start":{"line":669,"column":4},"end":{"line":669,"column":23888}},"135":{"start":{"line":695,"column":4},"end":{"line":695,"column":55}},"136":{"start":{"line":696,"column":4},"end":{"line":696,"column":56}},"137":{"start":{"line":703,"column":4},"end":{"line":703,"column":66}},"138":{"start":{"line":704,"column":4},"end":{"line":704,"column":65}},"139":{"start":{"line":712,"column":4},"end":{"line":712,"column":67}},"140":{"start":{"line":720,"column":4},"end":{"line":720,"column":62}},"141":{"start":{"line":724,"column":4},"end":{"line":724,"column":47}},"142":{"start":{"line":732,"column":4},"end":{"line":732,"column":45}},"143":{"start":{"line":738,"column":4},"end":{"line":738,"column":65}},"144":{"start":{"line":739,"column":4},"end":{"line":739,"column":82}},"145":{"start":{"line":740,"column":4},"end":{"line":740,"column":51}},"146":{"start":{"line":741,"column":4},"end":{"line":741,"column":27}},"147":{"start":{"line":745,"column":4},"end":{"line":745,"column":52}},"148":{"start":{"line":746,"column":4},"end":{"line":746,"column":28}},"149":{"start":{"line":750,"column":4},"end":{"line":750,"column":64}},"150":{"start":{"line":757,"column":4},"end":{"line":757,"column":37}},"151":{"start":{"line":765,"column":4},"end":{"line":765,"column":68}},"152":{"start":{"line":770,"column":4},"end":{"line":770,"column":23}},"153":{"start":{"line":771,"column":4},"end":{"line":771,"column":18}},"154":{"start":{"line":772,"column":4},"end":{"line":772,"column":26897}},"155":{"start":{"line":774,"column":6},"end":{"line":774,"column":15}},"156":{"start":{"line":776,"column":4},"end":{"line":776,"column":26961}},"157":{"start":{"line":777,"column":6},"end":{"line":777,"column":15}},"158":{"start":{"line":780,"column":4},"end":{"line":780,"column":44}},"159":{"start":{"line":781,"column":4},"end":{"line":781,"column":27143}},"160":{"start":{"line":782,"column":6},"end":{"line":782,"column":27190}},"161":{"start":{"line":783,"column":8},"end":{"line":783,"column":41}},"162":{"start":{"line":785,"column":8},"end":{"line":785,"column":55}},"163":{"start":{"line":786,"column":8},"end":{"line":786,"column":17}},"164":{"start":{"line":789,"column":4},"end":{"line":789,"column":26}},"165":{"start":{"line":793,"column":4},"end":{"line":793,"column":36}},"166":{"start":{"line":797,"column":4},"end":{"line":797,"column":27633}},"167":{"start":{"line":801,"column":6},"end":{"line":801,"column":56}},"168":{"start":{"line":804,"column":4},"end":{"line":804,"column":12}},"169":{"start":{"line":809,"column":4},"end":{"line":809,"column":71}},"170":{"start":{"line":810,"column":4},"end":{"line":810,"column":43}},"171":{"start":{"line":813,"column":4},"end":{"line":813,"column":72}},"172":{"start":{"line":814,"column":4},"end":{"line":814,"column":71}},"173":{"start":{"line":815,"column":4},"end":{"line":815,"column":71}},"174":{"start":{"line":816,"column":4},"end":{"line":816,"column":66}},"175":{"start":{"line":818,"column":4},"end":{"line":818,"column":84}},"176":{"start":{"line":820,"column":4},"end":{"line":820,"column":27}}},"branchMap":{"1":{"line":147,"type":"if","locations":[{"start":{"line":147,"column":4},"end":{"line":147,"column":4}},{"start":{"line":147,"column":4},"end":{"line":147,"column":4}}]},"2":{"line":148,"type":"if","locations":[{"start":{"line":148,"column":4},"end":{"line":148,"column":4}},{"start":{"line":148,"column":4},"end":{"line":148,"column":4}}]},"3":{"line":155,"type":"if","locations":[{"start":{"line":155,"column":4},"end":{"line":155,"column":4}},{"start":{"line":155,"column":4},"end":{"line":155,"column":4}}]},"4":{"line":161,"type":"if","locations":[{"start":{"line":161,"column":4},"end":{"line":161,"column":4}},{"start":{"line":161,"column":4},"end":{"line":161,"column":4}}]},"5":{"line":162,"type":"if","locations":[{"start":{"line":162,"column":4},"end":{"line":162,"column":4}},{"start":{"line":162,"column":4},"end":{"line":162,"column":4}}]},"6":{"line":168,"type":"if","locations":[{"start":{"line":168,"column":4},"end":{"line":168,"column":4}},{"start":{"line":168,"column":4},"end":{"line":168,"column":4}}]},"7":{"line":174,"type":"if","locations":[{"start":{"line":174,"column":4},"end":{"line":174,"column":4}},{"start":{"line":174,"column":4},"end":{"line":174,"column":4}}]},"8":{"line":180,"type":"if","locations":[{"start":{"line":180,"column":4},"end":{"line":180,"column":4}},{"start":{"line":180,"column":4},"end":{"line":180,"column":4}}]},"9":{"line":211,"type":"if","locations":[{"start":{"line":211,"column":4},"end":{"line":211,"column":4}},{"start":{"line":211,"column":4},"end":{"line":211,"column":4}}]},"10":{"line":217,"type":"if","locations":[{"start":{"line":217,"column":4},"end":{"line":217,"column":4}},{"start":{"line":217,"column":4},"end":{"line":217,"column":4}}]},"11":{"line":222,"type":"if","locations":[{"start":{"line":222,"column":4},"end":{"line":222,"column":4}},{"start":{"line":222,"column":4},"end":{"line":222,"column":4}}]},"12":{"line":225,"type":"if","locations":[{"start":{"line":225,"column":4},"end":{"line":225,"column":4}},{"start":{"line":225,"column":4},"end":{"line":225,"column":4}}]},"13":{"line":227,"type":"if","locations":[{"start":{"line":227,"column":6},"end":{"line":227,"column":6}},{"start":{"line":227,"column":6},"end":{"line":227,"column":6}}]},"14":{"line":247,"type":"if","locations":[{"start":{"line":247,"column":4},"end":{"line":247,"column":4}},{"start":{"line":247,"column":4},"end":{"line":247,"column":4}}]},"15":{"line":248,"type":"if","locations":[{"start":{"line":248,"column":6},"end":{"line":248,"column":6}},{"start":{"line":248,"column":6},"end":{"line":248,"column":6}}]},"16":{"line":252,"type":"if","locations":[{"start":{"line":252,"column":6},"end":{"line":252,"column":6}},{"start":{"line":252,"column":6},"end":{"line":252,"column":6}}]},"17":{"line":275,"type":"if","locations":[{"start":{"line":275,"column":4},"end":{"line":275,"column":4}},{"start":{"line":275,"column":4},"end":{"line":275,"column":4}}]},"18":{"line":276,"type":"if","locations":[{"start":{"line":276,"column":4},"end":{"line":276,"column":4}},{"start":{"line":276,"column":4},"end":{"line":276,"column":4}}]},"19":{"line":308,"type":"if","locations":[{"start":{"line":308,"column":4},"end":{"line":308,"column":4}},{"start":{"line":308,"column":4},"end":{"line":308,"column":4}}]},"20":{"line":316,"type":"if","locations":[{"start":{"line":316,"column":4},"end":{"line":316,"column":4}},{"start":{"line":316,"column":4},"end":{"line":316,"column":4}}]},"21":{"line":317,"type":"if","locations":[{"start":{"line":317,"column":4},"end":{"line":317,"column":4}},{"start":{"line":317,"column":4},"end":{"line":317,"column":4}}]},"22":{"line":323,"type":"if","locations":[{"start":{"line":323,"column":4},"end":{"line":323,"column":4}},{"start":{"line":323,"column":4},"end":{"line":323,"column":4}}]},"23":{"line":346,"type":"if","locations":[{"start":{"line":346,"column":4},"end":{"line":346,"column":4}},{"start":{"line":346,"column":4},"end":{"line":346,"column":4}}]},"24":{"line":347,"type":"if","locations":[{"start":{"line":347,"column":4},"end":{"line":347,"column":4}},{"start":{"line":347,"column":4},"end":{"line":347,"column":4}}]},"25":{"line":429,"type":"if","locations":[{"start":{"line":429,"column":4},"end":{"line":429,"column":4}},{"start":{"line":429,"column":4},"end":{"line":429,"column":4}}]},"26":{"line":434,"type":"if","locations":[{"start":{"line":434,"column":4},"end":{"line":434,"column":4}},{"start":{"line":434,"column":4},"end":{"line":434,"column":4}}]},"27":{"line":436,"type":"if","locations":[{"start":{"line":436,"column":4},"end":{"line":436,"column":4}},{"start":{"line":436,"column":4},"end":{"line":436,"column":4}}]},"28":{"line":459,"type":"if","locations":[{"start":{"line":459,"column":4},"end":{"line":459,"column":4}},{"start":{"line":459,"column":4},"end":{"line":459,"column":4}}]},"29":{"line":460,"type":"if","locations":[{"start":{"line":460,"column":4},"end":{"line":460,"column":4}},{"start":{"line":460,"column":4},"end":{"line":460,"column":4}}]},"30":{"line":463,"type":"if","locations":[{"start":{"line":463,"column":4},"end":{"line":463,"column":4}},{"start":{"line":463,"column":4},"end":{"line":463,"column":4}}]},"31":{"line":469,"type":"if","locations":[{"start":{"line":469,"column":4},"end":{"line":469,"column":4}},{"start":{"line":469,"column":4},"end":{"line":469,"column":4}}]},"32":{"line":474,"type":"if","locations":[{"start":{"line":474,"column":4},"end":{"line":474,"column":4}},{"start":{"line":474,"column":4},"end":{"line":474,"column":4}}]},"33":{"line":479,"type":"if","locations":[{"start":{"line":479,"column":4},"end":{"line":479,"column":4}},{"start":{"line":479,"column":4},"end":{"line":479,"column":4}}]},"34":{"line":486,"type":"if","locations":[{"start":{"line":486,"column":4},"end":{"line":486,"column":4}},{"start":{"line":486,"column":4},"end":{"line":486,"column":4}}]},"35":{"line":487,"type":"if","locations":[{"start":{"line":487,"column":4},"end":{"line":487,"column":4}},{"start":{"line":487,"column":4},"end":{"line":487,"column":4}}]},"36":{"line":491,"type":"if","locations":[{"start":{"line":491,"column":4},"end":{"line":491,"column":4}},{"start":{"line":491,"column":4},"end":{"line":491,"column":4}}]},"37":{"line":494,"type":"if","locations":[{"start":{"line":494,"column":4},"end":{"line":494,"column":4}},{"start":{"line":494,"column":4},"end":{"line":494,"column":4}}]},"38":{"line":507,"type":"if","locations":[{"start":{"line":507,"column":4},"end":{"line":507,"column":4}},{"start":{"line":507,"column":4},"end":{"line":507,"column":4}}]},"39":{"line":513,"type":"if","locations":[{"start":{"line":513,"column":4},"end":{"line":513,"column":4}},{"start":{"line":513,"column":4},"end":{"line":513,"column":4}}]},"40":{"line":519,"type":"if","locations":[{"start":{"line":519,"column":4},"end":{"line":519,"column":4}},{"start":{"line":519,"column":4},"end":{"line":519,"column":4}}]},"41":{"line":535,"type":"if","locations":[{"start":{"line":535,"column":4},"end":{"line":535,"column":4}},{"start":{"line":535,"column":4},"end":{"line":535,"column":4}}]},"42":{"line":539,"type":"if","locations":[{"start":{"line":539,"column":4},"end":{"line":539,"column":4}},{"start":{"line":539,"column":4},"end":{"line":539,"column":4}}]},"43":{"line":557,"type":"if","locations":[{"start":{"line":557,"column":4},"end":{"line":557,"column":4}},{"start":{"line":557,"column":4},"end":{"line":557,"column":4}}]},"44":{"line":565,"type":"if","locations":[{"start":{"line":565,"column":4},"end":{"line":565,"column":4}},{"start":{"line":565,"column":4},"end":{"line":565,"column":4}}]},"45":{"line":576,"type":"if","locations":[{"start":{"line":576,"column":4},"end":{"line":576,"column":4}},{"start":{"line":576,"column":4},"end":{"line":576,"column":4}}]},"46":{"line":580,"type":"if","locations":[{"start":{"line":580,"column":4},"end":{"line":580,"column":4}},{"start":{"line":580,"column":4},"end":{"line":580,"column":4}}]},"47":{"line":591,"type":"if","locations":[{"start":{"line":591,"column":4},"end":{"line":591,"column":4}},{"start":{"line":591,"column":4},"end":{"line":591,"column":4}}]},"48":{"line":738,"type":"if","locations":[{"start":{"line":738,"column":4},"end":{"line":738,"column":4}},{"start":{"line":738,"column":4},"end":{"line":738,"column":4}}]},"49":{"line":739,"type":"if","locations":[{"start":{"line":739,"column":4},"end":{"line":739,"column":4}},{"start":{"line":739,"column":4},"end":{"line":739,"column":4}}]},"50":{"line":750,"type":"if","locations":[{"start":{"line":750,"column":4},"end":{"line":750,"column":4}},{"start":{"line":750,"column":4},"end":{"line":750,"column":4}}]},"51":{"line":776,"type":"if","locations":[{"start":{"line":776,"column":4},"end":{"line":776,"column":4}},{"start":{"line":776,"column":4},"end":{"line":776,"column":4}}]},"52":{"line":782,"type":"if","locations":[{"start":{"line":782,"column":6},"end":{"line":782,"column":6}},{"start":{"line":782,"column":6},"end":{"line":782,"column":6}}]},"53":{"line":797,"type":"if","locations":[{"start":{"line":797,"column":4},"end":{"line":797,"column":4}},{"start":{"line":797,"column":4},"end":{"line":797,"column":4}}]},"54":{"line":810,"type":"if","locations":[{"start":{"line":810,"column":4},"end":{"line":810,"column":4}},{"start":{"line":810,"column":4},"end":{"line":810,"column":4}}]}}},"contracts/Governance.sol":{"l":{"20":7,"24":0,"25":0,"31":0,"32":0,"33":0,"41":0,"42":0,"46":0,"47":0,"48":0,"50":0,"51":0,"57":0,"58":0,"59":0,"67":0,"68":0,"72":0,"73":0,"74":0,"76":0,"77":0},"path":"/Users/sdileep/Code/idex-contracts/contracts/Governance.sol","s":{"1":7,"2":0,"3":0,"4":0,"5":0,"6":0,"7":0,"8":0,"9":0,"10":0,"11":0,"12":0,"13":0,"14":0,"15":0,"16":0,"17":0,"18":0,"19":0},"b":{"1":[0,0],"2":[0,0],"3":[0,0],"4":[0,0],"5":[0,0],"6":[0,0],"7":[0,0],"8":[0,0],"9":[0,0],"10":[0,0],"11":[0,0],"12":[0,0],"13":[0,0]},"f":{"1":7,"2":0,"3":0,"4":0,"5":0,"6":0,"7":0,"8":0},"fnMap":{"1":{"name":"constructor","line":19,"loc":{"start":{"line":19,"column":41},"end":{"line":19,"column":10}}},"2":{"name":"setCustodian","line":23,"loc":{"start":{"line":23,"column":64},"end":{"line":23,"column":3}}},"3":{"name":"initiateExchangeUpgrade","line":30,"loc":{"start":{"line":30,"column":73},"end":{"line":30,"column":3}}},"4":{"name":"cancelExchangeUpgrade","line":40,"loc":{"start":{"line":40,"column":52},"end":{"line":40,"column":3}}},"5":{"name":"finalizeExchangeUpgrade","line":45,"loc":{"start":{"line":45,"column":73},"end":{"line":45,"column":3}}},"6":{"name":"initiateGovernanceUpgrade","line":56,"loc":{"start":{"line":56,"column":77},"end":{"line":56,"column":3}}},"7":{"name":"cancelGovernanceUpgrade","line":66,"loc":{"start":{"line":66,"column":54},"end":{"line":66,"column":3}}},"8":{"name":"finalizeGovernanceUpgrade","line":71,"loc":{"start":{"line":71,"column":77},"end":{"line":71,"column":3}}}},"statementMap":{"1":{"start":{"line":20,"column":4},"end":{"line":20,"column":27}},"2":{"start":{"line":24,"column":4},"end":{"line":24,"column":74}},"3":{"start":{"line":25,"column":4},"end":{"line":25,"column":25}},"4":{"start":{"line":31,"column":4},"end":{"line":31,"column":58}},"5":{"start":{"line":32,"column":4},"end":{"line":32,"column":82}},"6":{"start":{"line":33,"column":4},"end":{"line":33,"column":971}},"7":{"start":{"line":41,"column":4},"end":{"line":41,"column":76}},"8":{"start":{"line":46,"column":4},"end":{"line":46,"column":76}},"9":{"start":{"line":47,"column":4},"end":{"line":47,"column":81}},"10":{"start":{"line":48,"column":4},"end":{"line":48,"column":100}},"11":{"start":{"line":51,"column":4},"end":{"line":51,"column":37}},"12":{"start":{"line":57,"column":4},"end":{"line":57,"column":60}},"13":{"start":{"line":58,"column":4},"end":{"line":58,"column":86}},"14":{"start":{"line":59,"column":4},"end":{"line":59,"column":1956}},"15":{"start":{"line":67,"column":4},"end":{"line":67,"column":80}},"16":{"start":{"line":72,"column":4},"end":{"line":72,"column":80}},"17":{"start":{"line":73,"column":4},"end":{"line":73,"column":85}},"18":{"start":{"line":74,"column":4},"end":{"line":74,"column":102}},"19":{"start":{"line":77,"column":4},"end":{"line":77,"column":41}}},"branchMap":{"1":{"line":24,"type":"if","locations":[{"start":{"line":24,"column":4},"end":{"line":24,"column":4}},{"start":{"line":24,"column":4},"end":{"line":24,"column":4}}]},"2":{"line":31,"type":"if","locations":[{"start":{"line":31,"column":4},"end":{"line":31,"column":4}},{"start":{"line":31,"column":4},"end":{"line":31,"column":4}}]},"3":{"line":32,"type":"if","locations":[{"start":{"line":32,"column":4},"end":{"line":32,"column":4}},{"start":{"line":32,"column":4},"end":{"line":32,"column":4}}]},"4":{"line":41,"type":"if","locations":[{"start":{"line":41,"column":4},"end":{"line":41,"column":4}},{"start":{"line":41,"column":4},"end":{"line":41,"column":4}}]},"5":{"line":46,"type":"if","locations":[{"start":{"line":46,"column":4},"end":{"line":46,"column":4}},{"start":{"line":46,"column":4},"end":{"line":46,"column":4}}]},"6":{"line":47,"type":"if","locations":[{"start":{"line":47,"column":4},"end":{"line":47,"column":4}},{"start":{"line":47,"column":4},"end":{"line":47,"column":4}}]},"7":{"line":48,"type":"if","locations":[{"start":{"line":48,"column":4},"end":{"line":48,"column":4}},{"start":{"line":48,"column":4},"end":{"line":48,"column":4}}]},"8":{"line":57,"type":"if","locations":[{"start":{"line":57,"column":4},"end":{"line":57,"column":4}},{"start":{"line":57,"column":4},"end":{"line":57,"column":4}}]},"9":{"line":58,"type":"if","locations":[{"start":{"line":58,"column":4},"end":{"line":58,"column":4}},{"start":{"line":58,"column":4},"end":{"line":58,"column":4}}]},"10":{"line":67,"type":"if","locations":[{"start":{"line":67,"column":4},"end":{"line":67,"column":4}},{"start":{"line":67,"column":4},"end":{"line":67,"column":4}}]},"11":{"line":72,"type":"if","locations":[{"start":{"line":72,"column":4},"end":{"line":72,"column":4}},{"start":{"line":72,"column":4},"end":{"line":72,"column":4}}]},"12":{"line":73,"type":"if","locations":[{"start":{"line":73,"column":4},"end":{"line":73,"column":4}},{"start":{"line":73,"column":4},"end":{"line":73,"column":4}}]},"13":{"line":74,"type":"if","locations":[{"start":{"line":74,"column":4},"end":{"line":74,"column":4}},{"start":{"line":74,"column":4},"end":{"line":74,"column":4}}]}}},"contracts/libraries/ECRecovery.sol":{"l":{"19":1,"28":1,"29":1,"30":1,"33":1,"34":0,"41":1,"48":1,"49":1,"53":1,"54":0,"57":1,"69":1},"path":"/Users/sdileep/Code/idex-contracts/contracts/libraries/ECRecovery.sol","s":{"1":1,"2":1,"3":1,"4":1,"5":1,"6":0,"7":1,"8":1,"9":1,"10":0,"11":1,"12":1},"b":{"1":[0,1],"2":[1,0],"3":[0,1]},"f":{"1":1,"2":1,"3":1},"fnMap":{"1":{"name":"isSignatureValid","line":14,"loc":{"start":{"line":14,"column":2},"end":{"line":18,"column":3}}},"2":{"name":"recover","line":27,"loc":{"start":{"line":27,"column":2},"end":{"line":27,"column":82}}},"3":{"name":"toEthSignedMessageHash","line":66,"loc":{"start":{"line":66,"column":2},"end":{"line":66,"column":79}}}},"statementMap":{"1":{"start":{"line":19,"column":4},"end":{"line":19,"column":69}},"2":{"start":{"line":28,"column":4},"end":{"line":28,"column":13}},"3":{"start":{"line":29,"column":4},"end":{"line":29,"column":13}},"4":{"start":{"line":30,"column":4},"end":{"line":30,"column":11}},"5":{"start":{"line":33,"column":4},"end":{"line":33,"column":977}},"6":{"start":{"line":34,"column":6},"end":{"line":34,"column":25}},"7":{"start":{"line":48,"column":4},"end":{"line":48,"column":1477}},"8":{"start":{"line":49,"column":6},"end":{"line":49,"column":12}},"9":{"start":{"line":53,"column":4},"end":{"line":53,"column":1576}},"10":{"start":{"line":54,"column":6},"end":{"line":54,"column":25}},"11":{"start":{"line":57,"column":6},"end":{"line":57,"column":37}},"12":{"start":{"line":69,"column":4},"end":{"line":69,"column":80}}},"branchMap":{"1":{"line":33,"type":"if","locations":[{"start":{"line":33,"column":4},"end":{"line":33,"column":4}},{"start":{"line":33,"column":4},"end":{"line":33,"column":4}}]},"2":{"line":48,"type":"if","locations":[{"start":{"line":48,"column":4},"end":{"line":48,"column":4}},{"start":{"line":48,"column":4},"end":{"line":48,"column":4}}]},"3":{"line":53,"type":"if","locations":[{"start":{"line":53,"column":4},"end":{"line":53,"column":4}},{"start":{"line":53,"column":4},"end":{"line":53,"column":4}}]}}},"contracts/libraries/Interfaces.sol":{"l":{},"path":"/Users/sdileep/Code/idex-contracts/contracts/libraries/Interfaces.sol","s":{},"b":{},"f":{},"fnMap":{},"statementMap":{},"branchMap":{}},"contracts/libraries/SafeMath256.sol":{"l":{"27":5,"28":5,"30":5,"43":5,"58":5,"59":5,"61":5,"77":0,"78":0,"81":0,"82":0,"84":0,"99":0,"117":0,"118":0,"121":0,"136":0,"153":0,"154":0},"path":"/Users/sdileep/Code/idex-contracts/contracts/libraries/SafeMath256.sol","s":{"1":5,"2":5,"3":5,"4":5,"5":5,"6":5,"7":5,"8":0,"9":0,"10":0,"11":0,"12":0,"13":0,"14":0,"15":0,"16":0,"17":0,"18":0,"19":0},"b":{"1":[5,0],"2":[5,0],"3":[0,0],"4":[0,0],"5":[0,0],"6":[0,0]},"f":{"1":5,"2":5,"3":5,"4":0,"5":0,"6":0,"7":0,"8":0},"fnMap":{"1":{"name":"add","line":26,"loc":{"start":{"line":26,"column":2},"end":{"line":26,"column":68}}},"2":{"name":"sub","line":42,"loc":{"start":{"line":42,"column":2},"end":{"line":42,"column":68}}},"3":{"name":"sub","line":57,"loc":{"start":{"line":57,"column":2},"end":{"line":57,"column":96}}},"4":{"name":"mul","line":73,"loc":{"start":{"line":73,"column":2},"end":{"line":73,"column":68}}},"5":{"name":"div","line":98,"loc":{"start":{"line":98,"column":2},"end":{"line":98,"column":68}}},"6":{"name":"div","line":115,"loc":{"start":{"line":115,"column":2},"end":{"line":115,"column":96}}},"7":{"name":"mod","line":135,"loc":{"start":{"line":135,"column":2},"end":{"line":135,"column":68}}},"8":{"name":"mod","line":152,"loc":{"start":{"line":152,"column":2},"end":{"line":152,"column":96}}}},"statementMap":{"1":{"start":{"line":27,"column":4},"end":{"line":27,"column":21}},"2":{"start":{"line":28,"column":4},"end":{"line":28,"column":49}},"3":{"start":{"line":30,"column":4},"end":{"line":30,"column":12}},"4":{"start":{"line":43,"column":4},"end":{"line":43,"column":54}},"5":{"start":{"line":58,"column":4},"end":{"line":58,"column":32}},"6":{"start":{"line":59,"column":4},"end":{"line":59,"column":21}},"7":{"start":{"line":61,"column":4},"end":{"line":61,"column":12}},"8":{"start":{"line":77,"column":4},"end":{"line":77,"column":2396}},"9":{"start":{"line":78,"column":6},"end":{"line":78,"column":14}},"10":{"start":{"line":81,"column":4},"end":{"line":81,"column":21}},"11":{"start":{"line":82,"column":4},"end":{"line":82,"column":59}},"12":{"start":{"line":84,"column":4},"end":{"line":84,"column":12}},"13":{"start":{"line":99,"column":4},"end":{"line":99,"column":50}},"14":{"start":{"line":117,"column":4},"end":{"line":117,"column":31}},"15":{"start":{"line":118,"column":4},"end":{"line":118,"column":21}},"16":{"start":{"line":121,"column":4},"end":{"line":121,"column":12}},"17":{"start":{"line":136,"column":4},"end":{"line":136,"column":48}},"18":{"start":{"line":153,"column":4},"end":{"line":153,"column":32}},"19":{"start":{"line":154,"column":4},"end":{"line":154,"column":16}}},"branchMap":{"1":{"line":28,"type":"if","locations":[{"start":{"line":28,"column":4},"end":{"line":28,"column":4}},{"start":{"line":28,"column":4},"end":{"line":28,"column":4}}]},"2":{"line":58,"type":"if","locations":[{"start":{"line":58,"column":4},"end":{"line":58,"column":4}},{"start":{"line":58,"column":4},"end":{"line":58,"column":4}}]},"3":{"line":77,"type":"if","locations":[{"start":{"line":77,"column":4},"end":{"line":77,"column":4}},{"start":{"line":77,"column":4},"end":{"line":77,"column":4}}]},"4":{"line":82,"type":"if","locations":[{"start":{"line":82,"column":4},"end":{"line":82,"column":4}},{"start":{"line":82,"column":4},"end":{"line":82,"column":4}}]},"5":{"line":117,"type":"if","locations":[{"start":{"line":117,"column":4},"end":{"line":117,"column":4}},{"start":{"line":117,"column":4},"end":{"line":117,"column":4}}]},"6":{"line":153,"type":"if","locations":[{"start":{"line":153,"column":4},"end":{"line":153,"column":4}},{"start":{"line":153,"column":4},"end":{"line":153,"column":4}}]}}},"contracts/libraries/SafeMath64.sol":{"l":{"27":0,"28":0,"30":0,"43":1,"58":1,"59":1,"61":1,"77":1,"78":1,"81":0,"82":0,"84":0,"99":1,"117":1,"118":1,"121":1,"136":0,"153":0,"154":0},"path":"/Users/sdileep/Code/idex-contracts/contracts/libraries/SafeMath64.sol","s":{"1":0,"2":0,"3":0,"4":1,"5":1,"6":1,"7":1,"8":1,"9":1,"10":0,"11":0,"12":0,"13":1,"14":1,"15":1,"16":1,"17":0,"18":0,"19":0},"b":{"1":[0,0],"2":[1,0],"3":[1,0],"4":[0,0],"5":[1,0],"6":[0,0]},"f":{"1":0,"2":1,"3":1,"4":1,"5":1,"6":1,"7":0,"8":0},"fnMap":{"1":{"name":"add","line":26,"loc":{"start":{"line":26,"column":2},"end":{"line":26,"column":65}}},"2":{"name":"sub","line":42,"loc":{"start":{"line":42,"column":2},"end":{"line":42,"column":65}}},"3":{"name":"sub","line":57,"loc":{"start":{"line":57,"column":2},"end":{"line":57,"column":93}}},"4":{"name":"mul","line":73,"loc":{"start":{"line":73,"column":2},"end":{"line":73,"column":65}}},"5":{"name":"div","line":98,"loc":{"start":{"line":98,"column":2},"end":{"line":98,"column":65}}},"6":{"name":"div","line":115,"loc":{"start":{"line":115,"column":2},"end":{"line":115,"column":93}}},"7":{"name":"mod","line":135,"loc":{"start":{"line":135,"column":2},"end":{"line":135,"column":65}}},"8":{"name":"mod","line":152,"loc":{"start":{"line":152,"column":2},"end":{"line":152,"column":93}}}},"statementMap":{"1":{"start":{"line":27,"column":4},"end":{"line":27,"column":20}},"2":{"start":{"line":28,"column":4},"end":{"line":28,"column":49}},"3":{"start":{"line":30,"column":4},"end":{"line":30,"column":12}},"4":{"start":{"line":43,"column":4},"end":{"line":43,"column":54}},"5":{"start":{"line":58,"column":4},"end":{"line":58,"column":32}},"6":{"start":{"line":59,"column":4},"end":{"line":59,"column":20}},"7":{"start":{"line":61,"column":4},"end":{"line":61,"column":12}},"8":{"start":{"line":77,"column":4},"end":{"line":77,"column":2381}},"9":{"start":{"line":78,"column":6},"end":{"line":78,"column":14}},"10":{"start":{"line":81,"column":4},"end":{"line":81,"column":20}},"11":{"start":{"line":82,"column":4},"end":{"line":82,"column":59}},"12":{"start":{"line":84,"column":4},"end":{"line":84,"column":12}},"13":{"start":{"line":99,"column":4},"end":{"line":99,"column":50}},"14":{"start":{"line":117,"column":4},"end":{"line":117,"column":31}},"15":{"start":{"line":118,"column":4},"end":{"line":118,"column":20}},"16":{"start":{"line":121,"column":4},"end":{"line":121,"column":12}},"17":{"start":{"line":136,"column":4},"end":{"line":136,"column":48}},"18":{"start":{"line":153,"column":4},"end":{"line":153,"column":32}},"19":{"start":{"line":154,"column":4},"end":{"line":154,"column":16}}},"branchMap":{"1":{"line":28,"type":"if","locations":[{"start":{"line":28,"column":4},"end":{"line":28,"column":4}},{"start":{"line":28,"column":4},"end":{"line":28,"column":4}}]},"2":{"line":58,"type":"if","locations":[{"start":{"line":58,"column":4},"end":{"line":58,"column":4}},{"start":{"line":58,"column":4},"end":{"line":58,"column":4}}]},"3":{"line":77,"type":"if","locations":[{"start":{"line":77,"column":4},"end":{"line":77,"column":4}},{"start":{"line":77,"column":4},"end":{"line":77,"column":4}}]},"4":{"line":82,"type":"if","locations":[{"start":{"line":82,"column":4},"end":{"line":82,"column":4}},{"start":{"line":82,"column":4},"end":{"line":82,"column":4}}]},"5":{"line":117,"type":"if","locations":[{"start":{"line":117,"column":4},"end":{"line":117,"column":4}},{"start":{"line":117,"column":4},"end":{"line":117,"column":4}}]},"6":{"line":153,"type":"if","locations":[{"start":{"line":153,"column":4},"end":{"line":153,"column":4}},{"start":{"line":153,"column":4},"end":{"line":153,"column":4}}]}}},"contracts/libraries/Tokens.sol":{"l":{"31":2,"35":2,"36":2,"52":2,"53":2,"54":2,"55":2,"56":2,"58":2,"59":2,"60":2,"61":2,"78":2,"79":2,"80":1,"82":1,"83":1,"84":1,"88":1,"90":1,"98":7,"99":5,"102":2,"103":2,"105":2,"114":6,"115":4,"117":2,"122":6,"124":4,"125":2,"129":2,"134":2,"135":2,"139":2,"140":2,"141":2,"145":2,"154":0,"155":0,"156":0,"158":0,"162":0,"167":0,"168":0,"169":0,"171":0,"172":0,"183":6,"184":6,"185":6,"187":0,"189":6,"191":6,"199":9,"200":9,"202":0,"207":4},"path":"/Users/sdileep/Code/idex-contracts/contracts/libraries/Tokens.sol","s":{"1":2,"2":2,"3":2,"4":2,"5":2,"6":2,"7":2,"8":2,"9":2,"10":2,"11":2,"12":2,"13":2,"14":2,"15":1,"16":1,"17":1,"18":1,"19":1,"20":1,"21":1,"22":7,"23":5,"24":2,"25":2,"26":2,"27":6,"28":4,"29":2,"30":6,"31":4,"32":2,"33":2,"34":2,"35":2,"36":2,"37":2,"38":2,"39":2,"40":0,"41":0,"42":0,"43":0,"44":0,"45":0,"46":0,"47":0,"48":0,"49":0,"50":6,"51":6,"52":6,"53":0,"54":6,"55":6,"56":9,"57":9,"58":0,"59":4},"b":{"1":[2,0],"2":[2,0],"3":[2,0],"4":[2,0],"5":[2,0],"6":[2,0],"7":[1,1],"8":[1,0],"9":[1,0],"10":[1,0],"11":[5,2],"12":[2,0],"13":[4,2],"14":[4,2],"15":[2,2],"16":[2,0],"17":[2,0],"18":[0,0],"19":[0,0],"20":[0,0],"21":[0,0],"22":[0,0],"23":[6,0],"24":[6,0],"25":[9,0]},"f":{"1":2,"2":2,"3":2,"4":7,"5":6,"6":0,"7":6,"8":9,"9":4},"fnMap":{"1":{"name":"registerToken","line":25,"loc":{"start":{"line":25,"column":2},"end":{"line":30,"column":14}}},"2":{"name":"confirmTokenRegistration","line":46,"loc":{"start":{"line":46,"column":2},"end":{"line":51,"column":14}}},"3":{"name":"tokenSymbolToAddress","line":73,"loc":{"start":{"line":73,"column":2},"end":{"line":77,"column":3}}},"4":{"name":"pipsToTokenQuantity","line":93,"loc":{"start":{"line":93,"column":2},"end":{"line":97,"column":3}}},"5":{"name":"transferFromWallet","line":108,"loc":{"start":{"line":108,"column":2},"end":{"line":113,"column":46}}},"6":{"name":"transferToWallet","line":148,"loc":{"start":{"line":148,"column":2},"end":{"line":153,"column":14}}},"7":{"name":"tokenQuantityToPips","line":178,"loc":{"start":{"line":178,"column":2},"end":{"line":182,"column":3}}},"8":{"name":"pipsToTokenQuantity","line":194,"loc":{"start":{"line":194,"column":2},"end":{"line":198,"column":3}}},"9":{"name":"isStringEqual","line":206,"loc":{"start":{"line":206,"column":2},"end":{"line":206,"column":87}}}},"statementMap":{"1":{"start":{"line":31,"column":4},"end":{"line":31,"column":761}},"2":{"start":{"line":35,"column":4},"end":{"line":35,"column":55}},"3":{"start":{"line":36,"column":4},"end":{"line":36,"column":951}},"4":{"start":{"line":52,"column":4},"end":{"line":52,"column":59}},"5":{"start":{"line":53,"column":4},"end":{"line":53,"column":41}},"6":{"start":{"line":54,"column":4},"end":{"line":54,"column":81}},"7":{"start":{"line":55,"column":4},"end":{"line":55,"column":71}},"8":{"start":{"line":56,"column":4},"end":{"line":56,"column":63}},"9":{"start":{"line":58,"column":4},"end":{"line":58,"column":27}},"10":{"start":{"line":59,"column":4},"end":{"line":59,"column":53}},"11":{"start":{"line":60,"column":4},"end":{"line":60,"column":45}},"12":{"start":{"line":61,"column":4},"end":{"line":61,"column":42}},"13":{"start":{"line":78,"column":4},"end":{"line":78,"column":22}},"14":{"start":{"line":79,"column":4},"end":{"line":79,"column":2446}},"15":{"start":{"line":80,"column":6},"end":{"line":80,"column":25}},"16":{"start":{"line":81,"column":11},"end":{"line":81,"column":2520}},"17":{"start":{"line":82,"column":6},"end":{"line":82,"column":2574}},"18":{"start":{"line":83,"column":8},"end":{"line":83,"column":2649}},"19":{"start":{"line":84,"column":10},"end":{"line":84,"column":47}},"20":{"start":{"line":88,"column":4},"end":{"line":88,"column":53}},"21":{"start":{"line":90,"column":4},"end":{"line":90,"column":29}},"22":{"start":{"line":98,"column":4},"end":{"line":98,"column":3039}},"23":{"start":{"line":99,"column":6},"end":{"line":99,"column":52}},"24":{"start":{"line":102,"column":4},"end":{"line":102,"column":59}},"25":{"start":{"line":103,"column":4},"end":{"line":103,"column":41}},"26":{"start":{"line":105,"column":4},"end":{"line":105,"column":62}},"27":{"start":{"line":114,"column":4},"end":{"line":114,"column":3499}},"28":{"start":{"line":115,"column":6},"end":{"line":115,"column":60}},"29":{"start":{"line":117,"column":6},"end":{"line":117,"column":3619}},"30":{"start":{"line":122,"column":4},"end":{"line":122,"column":53}},"31":{"start":{"line":124,"column":4},"end":{"line":124,"column":3806}},"32":{"start":{"line":125,"column":6},"end":{"line":125,"column":27}},"33":{"start":{"line":129,"column":4},"end":{"line":129,"column":3958}},"34":{"start":{"line":134,"column":4},"end":{"line":134,"column":73}},"35":{"start":{"line":135,"column":4},"end":{"line":135,"column":4175}},"36":{"start":{"line":139,"column":4},"end":{"line":139,"column":72}},"37":{"start":{"line":140,"column":4},"end":{"line":140,"column":65}},"38":{"start":{"line":141,"column":4},"end":{"line":141,"column":4459}},"39":{"start":{"line":145,"column":4},"end":{"line":145,"column":25}},"40":{"start":{"line":154,"column":4},"end":{"line":154,"column":4791}},"41":{"start":{"line":155,"column":6},"end":{"line":155,"column":94}},"42":{"start":{"line":156,"column":6},"end":{"line":156,"column":12}},"43":{"start":{"line":158,"column":4},"end":{"line":158,"column":4948}},"44":{"start":{"line":162,"column":4},"end":{"line":162,"column":5075}},"45":{"start":{"line":167,"column":4},"end":{"line":167,"column":73}},"46":{"start":{"line":168,"column":4},"end":{"line":168,"column":92}},"47":{"start":{"line":169,"column":4},"end":{"line":169,"column":72}},"48":{"start":{"line":171,"column":4},"end":{"line":171,"column":65}},"49":{"start":{"line":172,"column":4},"end":{"line":172,"column":5515}},"50":{"start":{"line":183,"column":4},"end":{"line":183,"column":26}},"51":{"start":{"line":184,"column":4},"end":{"line":184,"column":5804}},"52":{"start":{"line":185,"column":6},"end":{"line":185,"column":70}},"53":{"start":{"line":187,"column":6},"end":{"line":187,"column":70}},"54":{"start":{"line":189,"column":4},"end":{"line":189,"column":67}},"55":{"start":{"line":191,"column":4},"end":{"line":191,"column":33}},"56":{"start":{"line":199,"column":4},"end":{"line":199,"column":6247}},"57":{"start":{"line":200,"column":6},"end":{"line":200,"column":62}},"58":{"start":{"line":202,"column":4},"end":{"line":202,"column":60}},"59":{"start":{"line":207,"column":4},"end":{"line":207,"column":75}}},"branchMap":{"1":{"line":31,"type":"if","locations":[{"start":{"line":31,"column":4},"end":{"line":31,"column":4}},{"start":{"line":31,"column":4},"end":{"line":31,"column":4}}]},"2":{"line":35,"type":"if","locations":[{"start":{"line":35,"column":4},"end":{"line":35,"column":4}},{"start":{"line":35,"column":4},"end":{"line":35,"column":4}}]},"3":{"line":53,"type":"if","locations":[{"start":{"line":53,"column":4},"end":{"line":53,"column":4}},{"start":{"line":53,"column":4},"end":{"line":53,"column":4}}]},"4":{"line":54,"type":"if","locations":[{"start":{"line":54,"column":4},"end":{"line":54,"column":4}},{"start":{"line":54,"column":4},"end":{"line":54,"column":4}}]},"5":{"line":55,"type":"if","locations":[{"start":{"line":55,"column":4},"end":{"line":55,"column":4}},{"start":{"line":55,"column":4},"end":{"line":55,"column":4}}]},"6":{"line":56,"type":"if","locations":[{"start":{"line":56,"column":4},"end":{"line":56,"column":4}},{"start":{"line":56,"column":4},"end":{"line":56,"column":4}}]},"7":{"line":79,"type":"if","locations":[{"start":{"line":79,"column":4},"end":{"line":79,"column":4}},{"start":{"line":79,"column":4},"end":{"line":79,"column":4}}]},"8":{"line":81,"type":"if","locations":[{"start":{"line":81,"column":11},"end":{"line":81,"column":11}},{"start":{"line":81,"column":11},"end":{"line":81,"column":11}}]},"9":{"line":83,"type":"if","locations":[{"start":{"line":83,"column":8},"end":{"line":83,"column":8}},{"start":{"line":83,"column":8},"end":{"line":83,"column":8}}]},"10":{"line":88,"type":"if","locations":[{"start":{"line":88,"column":4},"end":{"line":88,"column":4}},{"start":{"line":88,"column":4},"end":{"line":88,"column":4}}]},"11":{"line":98,"type":"if","locations":[{"start":{"line":98,"column":4},"end":{"line":98,"column":4}},{"start":{"line":98,"column":4},"end":{"line":98,"column":4}}]},"12":{"line":103,"type":"if","locations":[{"start":{"line":103,"column":4},"end":{"line":103,"column":4}},{"start":{"line":103,"column":4},"end":{"line":103,"column":4}}]},"13":{"line":114,"type":"if","locations":[{"start":{"line":114,"column":4},"end":{"line":114,"column":4}},{"start":{"line":114,"column":4},"end":{"line":114,"column":4}}]},"14":{"line":122,"type":"if","locations":[{"start":{"line":122,"column":4},"end":{"line":122,"column":4}},{"start":{"line":122,"column":4},"end":{"line":122,"column":4}}]},"15":{"line":124,"type":"if","locations":[{"start":{"line":124,"column":4},"end":{"line":124,"column":4}},{"start":{"line":124,"column":4},"end":{"line":124,"column":4}}]},"16":{"line":135,"type":"if","locations":[{"start":{"line":135,"column":4},"end":{"line":135,"column":4}},{"start":{"line":135,"column":4},"end":{"line":135,"column":4}}]},"17":{"line":141,"type":"if","locations":[{"start":{"line":141,"column":4},"end":{"line":141,"column":4}},{"start":{"line":141,"column":4},"end":{"line":141,"column":4}}]},"18":{"line":154,"type":"if","locations":[{"start":{"line":154,"column":4},"end":{"line":154,"column":4}},{"start":{"line":154,"column":4},"end":{"line":154,"column":4}}]},"19":{"line":155,"type":"if","locations":[{"start":{"line":155,"column":6},"end":{"line":155,"column":6}},{"start":{"line":155,"column":6},"end":{"line":155,"column":6}}]},"20":{"line":158,"type":"if","locations":[{"start":{"line":158,"column":4},"end":{"line":158,"column":4}},{"start":{"line":158,"column":4},"end":{"line":158,"column":4}}]},"21":{"line":168,"type":"if","locations":[{"start":{"line":168,"column":4},"end":{"line":168,"column":4}},{"start":{"line":168,"column":4},"end":{"line":168,"column":4}}]},"22":{"line":172,"type":"if","locations":[{"start":{"line":172,"column":4},"end":{"line":172,"column":4}},{"start":{"line":172,"column":4},"end":{"line":172,"column":4}}]},"23":{"line":184,"type":"if","locations":[{"start":{"line":184,"column":4},"end":{"line":184,"column":4}},{"start":{"line":184,"column":4},"end":{"line":184,"column":4}}]},"24":{"line":189,"type":"if","locations":[{"start":{"line":189,"column":4},"end":{"line":189,"column":4}},{"start":{"line":189,"column":4},"end":{"line":189,"column":4}}]},"25":{"line":199,"type":"if","locations":[{"start":{"line":199,"column":4},"end":{"line":199,"column":4}},{"start":{"line":199,"column":4},"end":{"line":199,"column":4}}]}}},"contracts/libraries/Transfers.sol":{"l":{"11":5,"12":3,"14":2,"15":2,"16":2,"18":2},"path":"/Users/sdileep/Code/idex-contracts/contracts/libraries/Transfers.sol","s":{"1":5,"2":3,"3":2,"4":2,"5":2,"6":2},"b":{"1":[3,2],"2":[3,0],"3":[2,0],"4":[2,0]},"f":{"1":5},"fnMap":{"1":{"name":"transferTo","line":10,"loc":{"start":{"line":10,"column":2},"end":{"line":10,"column":87}}}},"statementMap":{"1":{"start":{"line":11,"column":4},"end":{"line":11,"column":301}},"2":{"start":{"line":12,"column":6},"end":{"line":12,"column":58}},"3":{"start":{"line":14,"column":6},"end":{"line":14,"column":61}},"4":{"start":{"line":15,"column":6},"end":{"line":15,"column":79}},"5":{"start":{"line":16,"column":6},"end":{"line":16,"column":60}},"6":{"start":{"line":18,"column":6},"end":{"line":18,"column":620}}},"branchMap":{"1":{"line":11,"type":"if","locations":[{"start":{"line":11,"column":4},"end":{"line":11,"column":4}},{"start":{"line":11,"column":4},"end":{"line":11,"column":4}}]},"2":{"line":12,"type":"if","locations":[{"start":{"line":12,"column":6},"end":{"line":12,"column":6}},{"start":{"line":12,"column":6},"end":{"line":12,"column":6}}]},"3":{"line":15,"type":"if","locations":[{"start":{"line":15,"column":6},"end":{"line":15,"column":6}},{"start":{"line":15,"column":6},"end":{"line":15,"column":6}}]},"4":{"line":18,"type":"if","locations":[{"start":{"line":18,"column":6},"end":{"line":18,"column":6}},{"start":{"line":18,"column":6},"end":{"line":18,"column":6}}]}}},"contracts/Owned.sol":{"l":{"8":0,"9":0,"12":16,"13":16,"17":23,"18":23,"22":0,"23":0,"27":0,"31":0},"path":"/Users/sdileep/Code/idex-contracts/contracts/Owned.sol","s":{"1":0,"2":16,"3":23,"4":23,"5":0,"6":0,"7":0,"8":0},"b":{"1":[0,0],"2":[16,0],"3":[0,0],"4":[0,0]},"f":{"1":0,"2":16,"3":23,"4":0,"5":0},"fnMap":{"1":{"name":"onlyOwner","line":7,"loc":{"start":{"line":7,"column":2},"end":{"line":7,"column":20}}},"2":{"name":"onlyAdmin","line":11,"loc":{"start":{"line":11,"column":2},"end":{"line":11,"column":20}}},"3":{"name":"constructor","line":16,"loc":{"start":{"line":16,"column":2},"end":{"line":16,"column":22}}},"4":{"name":"setAdmin","line":21,"loc":{"start":{"line":21,"column":53},"end":{"line":21,"column":3}}},"5":{"name":"removeAdmin","line":30,"loc":{"start":{"line":30,"column":42},"end":{"line":30,"column":3}}}},"statementMap":{"1":{"start":{"line":8,"column":4},"end":{"line":8,"column":55}},"2":{"start":{"line":12,"column":4},"end":{"line":12,"column":55}},"3":{"start":{"line":17,"column":4},"end":{"line":17,"column":21}},"4":{"start":{"line":18,"column":4},"end":{"line":18,"column":21}},"5":{"start":{"line":22,"column":4},"end":{"line":22,"column":60}},"6":{"start":{"line":23,"column":4},"end":{"line":23,"column":67}},"7":{"start":{"line":27,"column":4},"end":{"line":27,"column":17}},"8":{"start":{"line":31,"column":4},"end":{"line":31,"column":23}}},"branchMap":{"1":{"line":8,"type":"if","locations":[{"start":{"line":8,"column":4},"end":{"line":8,"column":4}},{"start":{"line":8,"column":4},"end":{"line":8,"column":4}}]},"2":{"line":12,"type":"if","locations":[{"start":{"line":12,"column":4},"end":{"line":12,"column":4}},{"start":{"line":12,"column":4},"end":{"line":12,"column":4}}]},"3":{"line":22,"type":"if","locations":[{"start":{"line":22,"column":4},"end":{"line":22,"column":4}},{"start":{"line":22,"column":4},"end":{"line":22,"column":4}}]},"4":{"line":23,"type":"if","locations":[{"start":{"line":23,"column":4},"end":{"line":23,"column":4}},{"start":{"line":23,"column":4},"end":{"line":23,"column":4}}]}}},"contracts/Token.sol":{"l":{"10":2},"path":"/Users/sdileep/Code/idex-contracts/contracts/Token.sol","s":{"1":2},"b":{},"f":{"1":2},"fnMap":{"1":{"name":"constructor","line":9,"loc":{"start":{"line":9,"column":36},"end":{"line":9,"column":10}}}},"statementMap":{"1":{"start":{"line":10,"column":4},"end":{"line":10,"column":36}}},"branchMap":{}}}