TN:
SF:/Users/sdileep/Code/idex-contracts/contracts/Custodian.sol
FN:15,constructor
FN:22,
FN:26,withdraw
FN:33,setExchange
FN:37,setGovernance
FN:43,onlyExchange
FN:48,onlyGovernance
FNF:7
FNH:1
FNDA:1,constructor
FNDA:0,
FNDA:0,withdraw
FNDA:0,setExchange
FNDA:0,setGovernance
FNDA:0,onlyExchange
FNDA:0,onlyGovernance
DA:16,1
DA:17,1
DA:29,0
DA:30,0
DA:34,0
DA:38,0
DA:44,0
DA:45,0
DA:49,0
DA:50,0
LF:10
LH:2
BRDA:29,1,0,0
BRDA:29,1,1,0
BRDA:44,2,0,0
BRDA:44,2,1,0
BRDA:49,3,0,0
BRDA:49,3,1,0
BRF:6
BRH:0
end_of_record
TN:
SF:/Users/sdileep/Code/idex-contracts/contracts/Exchange.sol
FN:140,constructor
FN:146,setCustodian
FN:154,setChainPropagationDelay
FN:160,setFeeWallet
FN:167,setWithdrawalFeeBasisPoints
FN:173,setTradeMakerFeeBasisPoints
FN:179,setTradeTakerFeeBasisPoints
FN:187,balanceOf
FN:196,partiallyFilledOrderQuantity
FN:202,depositEther
FN:210,depositToken
FN:215,depositTokenBySymbol
FN:221,deposit
FN:244,invalidateOrderNonce
FN:273,withdraw
FN:307,exitWallet
FN:315,withdrawExit
FN:345,trade
FN:392,updateBalancesForTrade
FN:418,updateOrderFilledQuantities
FN:428,updateOrderFilledQuantity
FN:446,validateAssetPair
FN:485,validateLimitPrices
FN:497,validateTokenAddresses
FN:527,validateTradeFees
FN:545,validateOrderSignatures
FN:575,validateOrderNonces
FN:586,validateWithdrawalSignature
FN:603,getOrderWalletHash
FN:634,getMarketSymbol
FN:665,getWithdrawalWalletHash
FN:693,registerToken
FN:701,confirmTokenRegistration
FN:707,tokenQuantityToPips
FN:715,tokenSymbolToAddress
FN:723,getTokenByAddress
FN:727,getTokensBySymbol
FN:737,setDispatcher
FN:744,removeDispatcher
FN:749,onlyDispatcher
FN:756,isStringEqual
FN:760,pipsToTokenQuantity
FN:769,pipToDecimal
FN:792,getFeeBasisPoints
FN:796,getLastInvalidatedTimestamp
FN:808,getTimestampFromUuid
FNF:46
FNH:1
FNDA:2,constructor
FNDA:0,setCustodian
FNDA:0,setChainPropagationDelay
FNDA:0,setFeeWallet
FNDA:0,setWithdrawalFeeBasisPoints
FNDA:0,setTradeMakerFeeBasisPoints
FNDA:0,setTradeTakerFeeBasisPoints
FNDA:0,balanceOf
FNDA:0,partiallyFilledOrderQuantity
FNDA:0,depositEther
FNDA:0,depositToken
FNDA:0,depositTokenBySymbol
FNDA:0,deposit
FNDA:0,invalidateOrderNonce
FNDA:0,withdraw
FNDA:0,exitWallet
FNDA:0,withdrawExit
FNDA:0,trade
FNDA:0,updateBalancesForTrade
FNDA:0,updateOrderFilledQuantities
FNDA:0,updateOrderFilledQuantity
FNDA:0,validateAssetPair
FNDA:0,validateLimitPrices
FNDA:0,validateTokenAddresses
FNDA:0,validateTradeFees
FNDA:0,validateOrderSignatures
FNDA:0,validateOrderNonces
FNDA:0,validateWithdrawalSignature
FNDA:0,getOrderWalletHash
FNDA:0,getMarketSymbol
FNDA:0,getWithdrawalWalletHash
FNDA:0,registerToken
FNDA:0,confirmTokenRegistration
FNDA:0,tokenQuantityToPips
FNDA:0,tokenSymbolToAddress
FNDA:0,getTokenByAddress
FNDA:0,getTokensBySymbol
FNDA:0,setDispatcher
FNDA:0,removeDispatcher
FNDA:0,onlyDispatcher
FNDA:0,isStringEqual
FNDA:0,pipsToTokenQuantity
FNDA:0,pipToDecimal
FNDA:0,getFeeBasisPoints
FNDA:0,getLastInvalidatedTimestamp
FNDA:0,getTimestampFromUuid
DA:141,2
DA:142,2
DA:143,2
DA:147,0
DA:148,0
DA:149,0
DA:155,0
DA:156,0
DA:157,0
DA:161,0
DA:162,0
DA:163,0
DA:164,0
DA:168,0
DA:169,0
DA:170,0
DA:174,0
DA:175,0
DA:176,0
DA:180,0
DA:181,0
DA:182,0
DA:188,0
DA:197,0
DA:203,0
DA:211,0
DA:212,0
DA:216,0
DA:217,0
DA:218,0
DA:222,0
DA:225,0
DA:226,0
DA:227,0
DA:229,0
DA:233,0
DA:234,0
DA:235,0
DA:236,0
DA:238,0
DA:239,0
DA:245,0
DA:247,0
DA:248,0
DA:252,0
DA:258,0
DA:264,0
DA:275,0
DA:276,0
DA:280,0
DA:283,0
DA:288,0
DA:289,0
DA:292,0
DA:296,0
DA:302,0
DA:308,0
DA:310,0
DA:312,0
DA:316,0
DA:317,0
DA:322,0
DA:323,0
DA:324,0
DA:326,0
DA:328,0
DA:346,0
DA:347,0
DA:350,0
DA:359,0
DA:360,0
DA:361,0
DA:373,0
DA:375,0
DA:376,0
DA:378,0
DA:394,0
DA:398,0
DA:403,0
DA:407,0
DA:412,0
DA:414,0
DA:421,0
DA:422,0
DA:429,0
DA:431,0
DA:434,0
DA:436,0
DA:437,0
DA:439,0
DA:440,0
DA:455,0
DA:456,0
DA:459,0
DA:460,0
DA:463,0
DA:469,0
DA:474,0
DA:479,0
DA:486,0
DA:487,0
DA:488,0
DA:490,0
DA:491,0
DA:493,0
DA:494,0
DA:503,0
DA:504,0
DA:505,0
DA:507,0
DA:513,0
DA:519,0
DA:528,0
DA:531,0
DA:535,0
DA:539,0
DA:557,0
DA:565,0
DA:576,0
DA:580,0
DA:591,0
DA:609,0
DA:639,0
DA:640,0
DA:641,0
DA:643,0
DA:647,0
DA:648,0
DA:650,0
DA:651,0
DA:654,0
DA:655,0
DA:658,0
DA:659,0
DA:662,0
DA:669,0
DA:695,0
DA:696,0
DA:703,0
DA:704,0
DA:712,0
DA:720,0
DA:724,0
DA:732,0
DA:738,0
DA:739,0
DA:740,0
DA:741,0
DA:745,0
DA:746,0
DA:750,0
DA:751,0
DA:757,0
DA:765,0
DA:770,0
DA:771,0
DA:772,0
DA:773,0
DA:774,0
DA:776,0
DA:777,0
DA:779,0
DA:780,0
DA:781,0
DA:782,0
DA:783,0
DA:785,0
DA:786,0
DA:789,0
DA:793,0
DA:797,0
DA:801,0
DA:804,0
DA:809,0
DA:810,0
DA:813,0
DA:814,0
DA:815,0
DA:816,0
DA:818,0
DA:820,0
LF:181
LH:3
BRDA:147,1,0,0
BRDA:147,1,1,0
BRDA:148,2,0,0
BRDA:148,2,1,0
BRDA:155,3,0,0
BRDA:155,3,1,0
BRDA:161,4,0,0
BRDA:161,4,1,0
BRDA:162,5,0,0
BRDA:162,5,1,0
BRDA:168,6,0,0
BRDA:168,6,1,0
BRDA:174,7,0,0
BRDA:174,7,1,0
BRDA:180,8,0,0
BRDA:180,8,1,0
BRDA:211,9,0,0
BRDA:211,9,1,0
BRDA:217,10,0,0
BRDA:217,10,1,0
BRDA:222,11,0,0
BRDA:222,11,1,0
BRDA:225,12,0,0
BRDA:225,12,1,0
BRDA:227,13,0,0
BRDA:227,13,1,0
BRDA:247,14,0,0
BRDA:247,14,1,0
BRDA:248,15,0,0
BRDA:248,15,1,0
BRDA:252,16,0,0
BRDA:252,16,1,0
BRDA:275,17,0,0
BRDA:275,17,1,0
BRDA:276,18,0,0
BRDA:276,18,1,0
BRDA:308,19,0,0
BRDA:308,19,1,0
BRDA:316,20,0,0
BRDA:316,20,1,0
BRDA:317,21,0,0
BRDA:317,21,1,0
BRDA:323,22,0,0
BRDA:323,22,1,0
BRDA:346,23,0,0
BRDA:346,23,1,0
BRDA:347,24,0,0
BRDA:347,24,1,0
BRDA:429,25,0,0
BRDA:429,25,1,0
BRDA:434,26,0,0
BRDA:434,26,1,0
BRDA:436,27,0,0
BRDA:436,27,1,0
BRDA:459,28,0,0
BRDA:459,28,1,0
BRDA:460,29,0,0
BRDA:460,29,1,0
BRDA:463,30,0,0
BRDA:463,30,1,0
BRDA:469,31,0,0
BRDA:469,31,1,0
BRDA:474,32,0,0
BRDA:474,32,1,0
BRDA:479,33,0,0
BRDA:479,33,1,0
BRDA:486,34,0,0
BRDA:486,34,1,0
BRDA:487,35,0,0
BRDA:487,35,1,0
BRDA:491,36,0,0
BRDA:491,36,1,0
BRDA:494,37,0,0
BRDA:494,37,1,0
BRDA:507,38,0,0
BRDA:507,38,1,0
BRDA:513,39,0,0
BRDA:513,39,1,0
BRDA:519,40,0,0
BRDA:519,40,1,0
BRDA:535,41,0,0
BRDA:535,41,1,0
BRDA:539,42,0,0
BRDA:539,42,1,0
BRDA:557,43,0,0
BRDA:557,43,1,0
BRDA:565,44,0,0
BRDA:565,44,1,0
BRDA:576,45,0,0
BRDA:576,45,1,0
BRDA:580,46,0,0
BRDA:580,46,1,0
BRDA:591,47,0,0
BRDA:591,47,1,0
BRDA:738,48,0,0
BRDA:738,48,1,0
BRDA:739,49,0,0
BRDA:739,49,1,0
BRDA:750,50,0,0
BRDA:750,50,1,0
BRDA:776,51,0,0
BRDA:776,51,1,0
BRDA:782,52,0,0
BRDA:782,52,1,0
BRDA:797,53,0,0
BRDA:797,53,1,0
BRDA:810,54,0,0
BRDA:810,54,1,0
BRF:108
BRH:0
end_of_record
TN:
SF:/Users/sdileep/Code/idex-contracts/contracts/Governance.sol
FN:19,constructor
FN:23,setCustodian
FN:30,initiateExchangeUpgrade
FN:40,cancelExchangeUpgrade
FN:45,finalizeExchangeUpgrade
FN:56,initiateGovernanceUpgrade
FN:66,cancelGovernanceUpgrade
FN:71,finalizeGovernanceUpgrade
FNF:8
FNH:1
FNDA:2,constructor
FNDA:0,setCustodian
FNDA:0,initiateExchangeUpgrade
FNDA:0,cancelExchangeUpgrade
FNDA:0,finalizeExchangeUpgrade
FNDA:0,initiateGovernanceUpgrade
FNDA:0,cancelGovernanceUpgrade
FNDA:0,finalizeGovernanceUpgrade
DA:20,2
DA:24,0
DA:25,0
DA:31,0
DA:32,0
DA:33,0
DA:41,0
DA:42,0
DA:46,0
DA:47,0
DA:48,0
DA:50,0
DA:51,0
DA:57,0
DA:58,0
DA:59,0
DA:67,0
DA:68,0
DA:72,0
DA:73,0
DA:74,0
DA:76,0
DA:77,0
LF:23
LH:1
BRDA:24,1,0,0
BRDA:24,1,1,0
BRDA:31,2,0,0
BRDA:31,2,1,0
BRDA:32,3,0,0
BRDA:32,3,1,0
BRDA:41,4,0,0
BRDA:41,4,1,0
BRDA:46,5,0,0
BRDA:46,5,1,0
BRDA:47,6,0,0
BRDA:47,6,1,0
BRDA:48,7,0,0
BRDA:48,7,1,0
BRDA:57,8,0,0
BRDA:57,8,1,0
BRDA:58,9,0,0
BRDA:58,9,1,0
BRDA:67,10,0,0
BRDA:67,10,1,0
BRDA:72,11,0,0
BRDA:72,11,1,0
BRDA:73,12,0,0
BRDA:73,12,1,0
BRDA:74,13,0,0
BRDA:74,13,1,0
BRF:26
BRH:0
end_of_record
TN:
SF:/Users/sdileep/Code/idex-contracts/contracts/libraries/ECRecovery.sol
FN:14,isSignatureValid
FN:27,recover
FN:66,toEthSignedMessageHash
FNF:3
FNH:0
FNDA:0,isSignatureValid
FNDA:0,recover
FNDA:0,toEthSignedMessageHash
DA:19,0
DA:28,0
DA:29,0
DA:30,0
DA:33,0
DA:34,0
DA:41,0
DA:48,0
DA:49,0
DA:53,0
DA:54,0
DA:57,0
DA:69,0
LF:13
LH:0
BRDA:33,1,0,0
BRDA:33,1,1,0
BRDA:48,2,0,0
BRDA:48,2,1,0
BRDA:53,3,0,0
BRDA:53,3,1,0
BRF:6
BRH:0
end_of_record
TN:
SF:/Users/sdileep/Code/idex-contracts/contracts/libraries/Interfaces.sol
FNF:0
FNH:0
LF:0
LH:0
BRF:0
BRH:0
end_of_record
TN:
SF:/Users/sdileep/Code/idex-contracts/contracts/libraries/SafeMath256.sol
FN:26,add
FN:42,sub
FN:57,sub
FN:73,mul
FN:98,div
FN:115,div
FN:135,mod
FN:152,mod
FNF:8
FNH:0
FNDA:0,add
FNDA:0,sub
FNDA:0,sub
FNDA:0,mul
FNDA:0,div
FNDA:0,div
FNDA:0,mod
FNDA:0,mod
DA:27,0
DA:28,0
DA:30,0
DA:43,0
DA:58,0
DA:59,0
DA:61,0
DA:77,0
DA:78,0
DA:81,0
DA:82,0
DA:84,0
DA:99,0
DA:117,0
DA:118,0
DA:121,0
DA:136,0
DA:153,0
DA:154,0
LF:19
LH:0
BRDA:28,1,0,0
BRDA:28,1,1,0
BRDA:58,2,0,0
BRDA:58,2,1,0
BRDA:77,3,0,0
BRDA:77,3,1,0
BRDA:82,4,0,0
BRDA:82,4,1,0
BRDA:117,5,0,0
BRDA:117,5,1,0
BRDA:153,6,0,0
BRDA:153,6,1,0
BRF:12
BRH:0
end_of_record
TN:
SF:/Users/sdileep/Code/idex-contracts/contracts/libraries/SafeMath64.sol
FN:26,add
FN:42,sub
FN:57,sub
FN:73,mul
FN:98,div
FN:115,div
FN:135,mod
FN:152,mod
FNF:8
FNH:0
FNDA:0,add
FNDA:0,sub
FNDA:0,sub
FNDA:0,mul
FNDA:0,div
FNDA:0,div
FNDA:0,mod
FNDA:0,mod
DA:27,0
DA:28,0
DA:30,0
DA:43,0
DA:58,0
DA:59,0
DA:61,0
DA:77,0
DA:78,0
DA:81,0
DA:82,0
DA:84,0
DA:99,0
DA:117,0
DA:118,0
DA:121,0
DA:136,0
DA:153,0
DA:154,0
LF:19
LH:0
BRDA:28,1,0,0
BRDA:28,1,1,0
BRDA:58,2,0,0
BRDA:58,2,1,0
BRDA:77,3,0,0
BRDA:77,3,1,0
BRDA:82,4,0,0
BRDA:82,4,1,0
BRDA:117,5,0,0
BRDA:117,5,1,0
BRDA:153,6,0,0
BRDA:153,6,1,0
BRF:12
BRH:0
end_of_record
TN:
SF:/Users/sdileep/Code/idex-contracts/contracts/libraries/Tokens.sol
FN:25,registerToken
FN:46,confirmTokenRegistration
FN:73,tokenSymbolToAddress
FN:93,pipsToTokenQuantity
FN:108,transferFromWallet
FN:148,transferToWallet
FN:178,tokenQuantityToPips
FN:194,pipsToTokenQuantity
FN:206,isStringEqual
FNF:9
FNH:0
FNDA:0,registerToken
FNDA:0,confirmTokenRegistration
FNDA:0,tokenSymbolToAddress
FNDA:0,pipsToTokenQuantity
FNDA:0,transferFromWallet
FNDA:0,transferToWallet
FNDA:0,tokenQuantityToPips
FNDA:0,pipsToTokenQuantity
FNDA:0,isStringEqual
DA:31,0
DA:35,0
DA:36,0
DA:52,0
DA:53,0
DA:54,0
DA:55,0
DA:56,0
DA:58,0
DA:59,0
DA:60,0
DA:61,0
DA:78,0
DA:79,0
DA:80,0
DA:82,0
DA:83,0
DA:84,0
DA:88,0
DA:90,0
DA:98,0
DA:99,0
DA:102,0
DA:103,0
DA:105,0
DA:114,0
DA:115,0
DA:117,0
DA:122,0
DA:124,0
DA:125,0
DA:129,0
DA:134,0
DA:135,0
DA:139,0
DA:140,0
DA:141,0
DA:145,0
DA:154,0
DA:155,0
DA:156,0
DA:158,0
DA:162,0
DA:167,0
DA:168,0
DA:169,0
DA:171,0
DA:172,0
DA:183,0
DA:184,0
DA:185,0
DA:187,0
DA:189,0
DA:191,0
DA:199,0
DA:200,0
DA:202,0
DA:207,0
LF:58
LH:0
BRDA:31,1,0,0
BRDA:31,1,1,0
BRDA:35,2,0,0
BRDA:35,2,1,0
BRDA:53,3,0,0
BRDA:53,3,1,0
BRDA:54,4,0,0
BRDA:54,4,1,0
BRDA:55,5,0,0
BRDA:55,5,1,0
BRDA:56,6,0,0
BRDA:56,6,1,0
BRDA:79,7,0,0
BRDA:79,7,1,0
BRDA:81,8,0,0
BRDA:81,8,1,0
BRDA:83,9,0,0
BRDA:83,9,1,0
BRDA:88,10,0,0
BRDA:88,10,1,0
BRDA:98,11,0,0
BRDA:98,11,1,0
BRDA:103,12,0,0
BRDA:103,12,1,0
BRDA:114,13,0,0
BRDA:114,13,1,0
BRDA:122,14,0,0
BRDA:122,14,1,0
BRDA:124,15,0,0
BRDA:124,15,1,0
BRDA:135,16,0,0
BRDA:135,16,1,0
BRDA:141,17,0,0
BRDA:141,17,1,0
BRDA:154,18,0,0
BRDA:154,18,1,0
BRDA:155,19,0,0
BRDA:155,19,1,0
BRDA:158,20,0,0
BRDA:158,20,1,0
BRDA:168,21,0,0
BRDA:168,21,1,0
BRDA:172,22,0,0
BRDA:172,22,1,0
BRDA:184,23,0,0
BRDA:184,23,1,0
BRDA:189,24,0,0
BRDA:189,24,1,0
BRDA:199,25,0,0
BRDA:199,25,1,0
BRF:50
BRH:0
end_of_record
TN:
SF:/Users/sdileep/Code/idex-contracts/contracts/libraries/Transfers.sol
FN:10,transferTo
FNF:1
FNH:0
FNDA:0,transferTo
DA:11,0
DA:12,0
DA:14,0
DA:15,0
DA:16,0
DA:18,0
LF:6
LH:0
BRDA:11,1,0,0
BRDA:11,1,1,0
BRDA:12,2,0,0
BRDA:12,2,1,0
BRDA:15,3,0,0
BRDA:15,3,1,0
BRDA:18,4,0,0
BRDA:18,4,1,0
BRF:8
BRH:0
end_of_record
TN:
SF:/Users/sdileep/Code/idex-contracts/contracts/Owned.sol
FN:7,onlyOwner
FN:11,onlyAdmin
FN:16,constructor
FN:21,setAdmin
FN:30,removeAdmin
FNF:5
FNH:1
FNDA:0,onlyOwner
FNDA:0,onlyAdmin
FNDA:5,constructor
FNDA:0,setAdmin
FNDA:0,removeAdmin
DA:8,0
DA:9,0
DA:12,0
DA:13,0
DA:17,5
DA:18,5
DA:22,0
DA:23,0
DA:27,0
DA:31,0
LF:10
LH:2
BRDA:8,1,0,0
BRDA:8,1,1,0
BRDA:12,2,0,0
BRDA:12,2,1,0
BRDA:22,3,0,0
BRDA:22,3,1,0
BRDA:23,4,0,0
BRDA:23,4,1,0
BRF:8
BRH:0
end_of_record
